[2022-10-25 23:04:07,782] pyhamilton.interface INFO starting a Hamilton interface
[2022-10-25 23:04:07,782] pyhamilton.interface INFO started the oem application for simulation
[2022-10-25 23:04:07,784] pyhamilton.interface INFO started the server thread
[2022-10-25 23:05:02,082] pyhamilton.interface INFO sending end run command to simulator
[2022-10-25 23:05:03,623] pyhamilton.interface ERROR HamiltonTimeoutError('Timed out after 1.5 sec while waiting for response id 0x0')
[2022-10-25 23:05:03,623] pyhamilton.interface INFO disconnected from server
[2022-10-25 23:05:03,732] pyhamilton.interface INFO server did not exit yet, sending dummy request to exit its loop
[2022-10-25 23:05:03,732] pyhamilton.interface INFO dummy get request sent to server
[2022-10-25 23:05:03,744] pyhamilton.interface INFO server thread exited
[2022-10-26 08:40:35,728] pyhamilton.interface INFO starting a Hamilton interface
[2022-10-26 08:40:35,728] pyhamilton.interface INFO started the oem application for simulation
[2022-10-26 08:40:35,728] pyhamilton.interface INFO started the server thread
[2022-10-26 08:41:35,513] pyhamilton.interface INFO sending end run command to simulator
[2022-10-26 08:41:37,033] pyhamilton.interface ERROR HamiltonTimeoutError('Timed out after 1.5 sec while waiting for response id 0x0')
[2022-10-26 08:41:37,033] pyhamilton.interface INFO disconnected from server
[2022-10-26 08:41:37,141] pyhamilton.interface INFO server did not exit yet, sending dummy request to exit its loop
[2022-10-26 08:41:37,147] pyhamilton.interface INFO dummy get request sent to server
[2022-10-26 08:41:37,147] pyhamilton.interface INFO server thread exited
[2022-10-26 08:46:46,675] pyhamilton.interface INFO starting a Hamilton interface
[2022-10-26 08:46:46,675] pyhamilton.interface INFO started the oem application for simulation
[2022-10-26 08:46:46,675] pyhamilton.interface INFO started the server thread
[2022-10-26 08:47:45,934] pyhamilton.interface INFO sending end run command to simulator
[2022-10-26 08:47:47,454] pyhamilton.interface ERROR HamiltonTimeoutError('Timed out after 1.5 sec while waiting for response id 0x0')
[2022-10-26 08:47:47,455] pyhamilton.interface INFO disconnected from server
[2022-10-26 08:47:47,564] pyhamilton.interface INFO server did not exit yet, sending dummy request to exit its loop
[2022-10-26 08:47:47,568] pyhamilton.interface INFO dummy get request sent to server
[2022-10-26 08:47:47,568] pyhamilton.interface INFO server thread exited
[2022-10-26 08:54:32,933] pyhamilton.interface INFO starting a Hamilton interface
[2022-10-26 08:54:32,933] pyhamilton.interface INFO started the oem application for simulation
[2022-10-26 08:54:32,933] pyhamilton.interface INFO started the server thread
[2022-10-26 08:55:23,193] pyhamilton.interface INFO sending end run command to simulator
[2022-10-26 08:55:24,706] pyhamilton.interface ERROR HamiltonTimeoutError('Timed out after 1.5 sec while waiting for response id 0x0')
[2022-10-26 08:55:24,706] pyhamilton.interface INFO disconnected from server
[2022-10-26 08:55:24,814] pyhamilton.interface INFO server did not exit yet, sending dummy request to exit its loop
[2022-10-26 08:55:24,818] pyhamilton.interface INFO dummy get request sent to server
[2022-10-26 08:55:24,818] pyhamilton.interface INFO server thread exited
[2022-10-26 09:26:43,738] pyhamilton.interface INFO starting a Hamilton interface
[2022-10-26 09:26:43,738] pyhamilton.interface INFO started the oem application for simulation
[2022-10-26 09:26:43,738] pyhamilton.interface INFO started the server thread
[2022-10-26 09:27:31,238] pyhamilton.interface INFO sending end run command to simulator
[2022-10-26 09:27:32,763] pyhamilton.interface ERROR HamiltonTimeoutError('Timed out after 1.5 sec while waiting for response id 0x0')
[2022-10-26 09:27:32,763] pyhamilton.interface INFO disconnected from server
[2022-10-26 09:27:32,873] pyhamilton.interface INFO server did not exit yet, sending dummy request to exit its loop
[2022-10-26 09:27:32,878] pyhamilton.interface INFO dummy get request sent to server
[2022-10-26 09:27:32,878] pyhamilton.interface INFO server thread exited
[2022-10-26 09:28:33,225] pyhamilton.interface INFO starting a Hamilton interface
[2022-10-26 09:28:33,225] pyhamilton.interface INFO started the oem application for simulation
[2022-10-26 09:28:33,226] pyhamilton.interface INFO started the server thread
[2022-10-26 09:29:48,538] pyhamilton.interface INFO sending end run command to simulator
[2022-10-26 09:29:48,724] pyhamilton.interface INFO disconnected from server
[2022-10-26 09:29:48,834] pyhamilton.interface INFO server did not exit yet, sending dummy request to exit its loop
[2022-10-26 09:29:48,838] pyhamilton.interface INFO dummy get request sent to server
[2022-10-26 09:29:48,838] pyhamilton.interface INFO server thread exited
[2022-10-26 09:29:49,959] pyhamilton.interface INFO starting a Hamilton interface
[2022-10-26 09:29:49,959] pyhamilton.interface INFO started the oem application for simulation
[2022-10-26 09:29:49,959] pyhamilton.interface INFO started the server thread
[2022-10-26 09:30:03,497] pyhamilton.interface INFO sending end run command to simulator
[2022-10-26 09:30:03,668] pyhamilton.interface INFO disconnected from server
[2022-10-26 09:30:03,773] pyhamilton.interface INFO server did not exit yet, sending dummy request to exit its loop
[2022-10-26 09:30:03,777] pyhamilton.interface INFO dummy get request sent to server
[2022-10-26 09:30:03,777] pyhamilton.interface INFO server thread exited
